Arguments: 
  /Users/stanislav/.nvm/versions/node/v10.10.0/bin/node /usr/local/Cellar/yarn/1.12.3/libexec/bin/yarn.js install

PATH: 
  /Users/stanislav/.nvm/versions/node/v10.10.0/bin:/opt/anaconda3/bin:/usr/local/bin:/usr/bin:/bin:/usr/sbin:/sbin:~/env/pgsql/bin:/opt/anaconda3/bin:/opt/anaconda3/condabin:/Users/stanislav/.nvm/versions/node/v10.10.0/bin

Yarn version: 
  1.12.3

Node version: 
  10.10.0

Platform: 
  darwin x64

Trace: 
  SyntaxError: /Users/stanislav/dev/Udemy/advanced-css-course/MyNatoursResponsive/package.json: Unexpected token } in JSON at position 312
      at JSON.parse (<anonymous>)
      at /usr/local/Cellar/yarn/1.12.3/libexec/lib/cli.js:1631:59
      at Generator.next (<anonymous>)
      at step (/usr/local/Cellar/yarn/1.12.3/libexec/lib/cli.js:304:30)
      at /usr/local/Cellar/yarn/1.12.3/libexec/lib/cli.js:315:13

npm manifest: 
  {
    "name": "natours",
    "version": "1.0.0",
    "description": "Landing page for natours",
    "main": "index.js",
    "scripts": {
      "compile:sass": "node-sass sass/main.scss css/style.css -w",
      "devserver": "live-server --entry-file=./index.html",
      "start": "npm-run-all --parallel devserver watch:sass",
    },
    "author": "Jonas",
    "license": "ISC",
    "devDependencies": {
      "node-sass": "^4.5.3",
      "npm-run-all": "^4.1.1"
    }
  }

yarn manifest: 
  No manifest

Lockfile: 
  No lockfile
